<?xml version="1.0" encoding="UTF-8" ?>
<testsuite errors="0" failures="0" hostname="ilko-wlan.wlan.schellingstrasse.net" name="JUnit.TESTBenutzer" skipped="0" tests="9" time="0.003" timestamp="2016-12-11T18:14:16">
  <properties>
[...]
</properties>
  <testcase classname="JUnit.TESTBenutzer" name="logout" time="0.0" />
  <testcase classname="JUnit.TESTBenutzer" name="benutzerErstellen" time="0.001" />
  <testcase classname="JUnit.TESTBenutzer" name="superuserlogout" time="0.0" />
  <testcase classname="JUnit.TESTBenutzer" name="superuser" time="0.0" />
  <testcase classname="JUnit.TESTBenutzer" name="login" time="0.0" />
  <testcase classname="JUnit.TESTBenutzer" name="suche" time="0.0" />
  <testcase classname="JUnit.TESTBenutzer" name="BenutzerEquals" time="0.0" />
  <testcase classname="JUnit.TESTBenutzer" name="ZweiIds" time="0.0" />
  <testcase classname="JUnit.TESTBenutzer" name="superusersuche" time="0.0" />
  <system-out><![CDATA[]]></system-out>
  <system-err><![CDATA[]]></system-err>
</testsuite>
